Using pre-set license
Built from '2020.2/release' branch; Version is '2020.2.0f1 (3721df5a8b28) revision 3613151'; Using compiler version '192528614'; Build Type 'Release'
OS: 'Windows 10  (10.0.0) 64bit' Language: 'en' Physical Memory: 32698 MB
BatchMode: 1, IsHumanControllingUs: 0, StartBugReporterOnCrash: 0, Is64bit: 1, IsPro: 0

 COMMAND LINE ARGUMENTS:
C:\Program Files\Unity\Hub\Editor\2020.2.0f1\Editor\Unity.exe
-adb2
-batchMode
-noUpm
-name
AssetImportWorker0
-projectPath
S:/Dev/SonicAudioWalk/ThreeD-SoundSandbox copy
-logFile
Logs/AssetImportWorker0.log
-srvPort
50830
Successfully changed project path to: S:/Dev/SonicAudioWalk/ThreeD-SoundSandbox copy
S:/Dev/SonicAudioWalk/ThreeD-SoundSandbox copy
Using Asset Import Pipeline V2.
Refreshing native plugins compatible for Editor in 41.54 ms, found 1 plugins.
Preloading 0 native plugins for Editor in 0.00 ms.
Initialize engine version: 2020.2.0f1 (3721df5a8b28)
[Subsystems] Discovering subsystems at path C:/Program Files/Unity/Hub/Editor/2020.2.0f1/Editor/Data/Resources/UnitySubsystems
[Subsystems] Discovering subsystems at path S:/Dev/SonicAudioWalk/ThreeD-SoundSandbox copy/Assets
GfxDevice: creating device client; threaded=0
Direct3D:
    Version:  Direct3D 11.0 [level 11.1]
    Renderer: NVIDIA GeForce RTX 2070 SUPER (ID=0x1e84)
    Vendor:   
    VRAM:     8011 MB
    Driver:   30.0.15.1277
Initialize mono
Mono path[0] = 'C:/Program Files/Unity/Hub/Editor/2020.2.0f1/Editor/Data/Managed'
Mono path[1] = 'C:/Program Files/Unity/Hub/Editor/2020.2.0f1/Editor/Data/MonoBleedingEdge/lib/mono/unityjit'
Mono config path = 'C:/Program Files/Unity/Hub/Editor/2020.2.0f1/Editor/Data/MonoBleedingEdge/etc'
Using monoOptions --debugger-agent=transport=dt_socket,embedding=1,server=y,suspend=n,address=127.0.0.1:56872
Begin MonoManager ReloadAssembly
Registering precompiled unity dll's ...
Register platform support module: C:/Program Files/Unity/Hub/Editor/2020.2.0f1/Editor/Data/PlaybackEngines/WindowsStandaloneSupport/UnityEditor.WindowsStandalone.Extensions.dll
Registered in 0.001706 seconds.
Native extension for WindowsStandalone target not found
Refreshing native plugins compatible for Editor in 27.25 ms, found 1 plugins.
Preloading 0 native plugins for Editor in 0.00 ms.
Invoked RoslynAnalysisRunner static constructor.
RoslynAnalysisRunner will not be running.
RoslynAnalysisRunner has terminated.
Mono: successfully reloaded assembly
- Completed reload, in  0.937 seconds
Platform modules already initialized, skipping
Registering precompiled user dll's ...
Registered in 0.004068 seconds.
Begin MonoManager ReloadAssembly
Native extension for WindowsStandalone target not found
Refreshing native plugins compatible for Editor in 0.52 ms, found 1 plugins.
Preloading 0 native plugins for Editor in 0.00 ms.
Refreshing native plugins compatible for Editor in 0.50 ms, found 1 plugins.
DisplayProgressbar: Populating Wwise Picker
Invoked RoslynAnalysisRunner static constructor.
RoslynAnalysisRunner will not be running.
RoslynAnalysisRunner has terminated.
Mono: successfully reloaded assembly
- Completed reload, in  1.060 seconds
Platform modules already initialized, skipping
========================================================================
Worker process is ready to serve import requests
Launched and connected shader compiler UnityShaderCompiler.exe after 0.03 seconds
Refreshing native plugins compatible for Editor in 0.54 ms, found 1 plugins.
Preloading 0 native plugins for Editor in 0.00 ms.
Unloading 1697 Unused Serialized files (Serialized files now loaded: 0)
System memory in use before: 152.7 MB.
System memory in use after: 151.2 MB.

Unloading 94 unused Assets to reduce memory usage. Loaded Objects now: 2060.
Total: 2.442800 ms (FindLiveObjects: 0.184400 ms CreateObjectMapping: 0.062200 ms MarkObjects: 1.700900 ms  DeleteObjects: 0.494500 ms)

========================================================================
Received Import Request.
  path: Assets/StreamingAssets/Audio/GeneratedSoundBanks/Windows
  artifactKey: Guid(9c47d8935cebfdd4594e7a9725bb64f3) Importer(815301076,1909f56bfc062723c751e8b465ee728b)
Start importing Assets/StreamingAssets/Audio/GeneratedSoundBanks/Windows using Guid(9c47d8935cebfdd4594e7a9725bb64f3) Importer(815301076,1909f56bfc062723c751e8b465ee728b)  -> (artifact id: '9aeec2c41c16abb7e961111bf7cb46ef') in 0.006282 seconds
  Import took 0.008554 seconds .

========================================================================
Received Import Request.
  Time since last request: 0.000142 seconds.
  path: Assets/StreamingAssets/Audio
  artifactKey: Guid(6a67f85500a43b84fa8fbe9d27e17f3b) Importer(815301076,1909f56bfc062723c751e8b465ee728b)
Start importing Assets/StreamingAssets/Audio using Guid(6a67f85500a43b84fa8fbe9d27e17f3b) Importer(815301076,1909f56bfc062723c751e8b465ee728b)  -> (artifact id: '536961ff44205b9d269556ff8c09e54f') in 0.004416 seconds
  Import took 0.006508 seconds .

========================================================================
Received Import Request.
  Time since last request: 0.000156 seconds.
  path: Assets/StreamingAssets/Audio/GeneratedSoundBanks/Windows/DecodedBanks
  artifactKey: Guid(b29a6c90650003a45bb2be7cc846e71b) Importer(815301076,1909f56bfc062723c751e8b465ee728b)
Start importing Assets/StreamingAssets/Audio/GeneratedSoundBanks/Windows/DecodedBanks using Guid(b29a6c90650003a45bb2be7cc846e71b) Importer(815301076,1909f56bfc062723c751e8b465ee728b)  -> (artifact id: '98827b5f12a26c07e8c4e32fe0bdb4cc') in 0.004641 seconds
  Import took 0.006704 seconds .

========================================================================
Received Import Request.
  Time since last request: 0.000124 seconds.
  path: Assets/StreamingAssets/Audio/GeneratedSoundBanks
  artifactKey: Guid(1ed77f98ecd74d0408ae3d140764e5de) Importer(815301076,1909f56bfc062723c751e8b465ee728b)
Start importing Assets/StreamingAssets/Audio/GeneratedSoundBanks using Guid(1ed77f98ecd74d0408ae3d140764e5de) Importer(815301076,1909f56bfc062723c751e8b465ee728b)  -> (artifact id: '1495441923fead7466e7f9f73b82144b') in 0.004622 seconds
  Import took 0.006603 seconds .

========================================================================
Received Prepare
Registering precompiled user dll's ...
Registered in 0.004201 seconds.
Begin MonoManager ReloadAssembly
Native extension for WindowsStandalone target not found
Refreshing native plugins compatible for Editor in 0.55 ms, found 1 plugins.
Preloading 0 native plugins for Editor in 0.00 ms.
Invoked RoslynAnalysisRunner static constructor.
RoslynAnalysisRunner will not be running.
RoslynAnalysisRunner has terminated.
Mono: successfully reloaded assembly
- Completed reload, in  1.049 seconds
Platform modules already initialized, skipping
Refreshing native plugins compatible for Editor in 0.55 ms, found 1 plugins.
Preloading 0 native plugins for Editor in 0.00 ms.
Unloading 1684 Unused Serialized files (Serialized files now loaded: 0)
System memory in use before: 153.4 MB.
System memory in use after: 151.9 MB.

Unloading 89 unused Assets to reduce memory usage. Loaded Objects now: 2062.
Total: 2.552800 ms (FindLiveObjects: 0.155500 ms CreateObjectMapping: 0.059000 ms MarkObjects: 1.790300 ms  DeleteObjects: 0.546600 ms)

========================================================================
Received Prepare
Registering precompiled user dll's ...
Registered in 0.023772 seconds.
Begin MonoManager ReloadAssembly
Native extension for WindowsStandalone target not found
Refreshing native plugins compatible for Editor in 0.66 ms, found 1 plugins.
Preloading 0 native plugins for Editor in 0.00 ms.
Invoked RoslynAnalysisRunner static constructor.
RoslynAnalysisRunner will not be running.
RoslynAnalysisRunner has terminated.
Mono: successfully reloaded assembly
- Completed reload, in  2.087 seconds
Platform modules already initialized, skipping
Refreshing native plugins compatible for Editor in 0.59 ms, found 1 plugins.
Preloading 0 native plugins for Editor in 0.00 ms.
Unloading 1684 Unused Serialized files (Serialized files now loaded: 0)
System memory in use before: 153.2 MB.
System memory in use after: 151.7 MB.

Unloading 89 unused Assets to reduce memory usage. Loaded Objects now: 2064.
Total: 4.277600 ms (FindLiveObjects: 0.229100 ms CreateObjectMapping: 0.066500 ms MarkObjects: 3.343700 ms  DeleteObjects: 0.636700 ms)

AssetImportWorkerClient::OnTransportError - code=2 error=End of file
